29-Mar-2016 13:02:14.104 INFO [main] org.apache.catalina.startup.VersionLoggerListener.log Server version:        Apache Tomcat/8.0.33
29-Mar-2016 13:02:14.105 INFO [main] org.apache.catalina.startup.VersionLoggerListener.log Server built:          Mar 18 2016 20:31:49 UTC
29-Mar-2016 13:02:14.105 INFO [main] org.apache.catalina.startup.VersionLoggerListener.log Server number:         8.0.33.0
29-Mar-2016 13:02:14.106 INFO [main] org.apache.catalina.startup.VersionLoggerListener.log OS Name:               Mac OS X
29-Mar-2016 13:02:14.106 INFO [main] org.apache.catalina.startup.VersionLoggerListener.log OS Version:            10.11.4
29-Mar-2016 13:02:14.106 INFO [main] org.apache.catalina.startup.VersionLoggerListener.log Architecture:          x86_64
29-Mar-2016 13:02:14.106 INFO [main] org.apache.catalina.startup.VersionLoggerListener.log Java Home:             /Library/Java/JavaVirtualMachines/jdk1.8.0_65.jdk/Contents/Home/jre
29-Mar-2016 13:02:14.106 INFO [main] org.apache.catalina.startup.VersionLoggerListener.log JVM Version:           1.8.0_65-b17
29-Mar-2016 13:02:14.106 INFO [main] org.apache.catalina.startup.VersionLoggerListener.log JVM Vendor:            Oracle Corporation
29-Mar-2016 13:02:14.106 INFO [main] org.apache.catalina.startup.VersionLoggerListener.log CATALINA_BASE:         /Users/shaun/workspaces/jcsdemo247/petclinic/apache-tomcat-8.0.33
29-Mar-2016 13:02:14.106 INFO [main] org.apache.catalina.startup.VersionLoggerListener.log CATALINA_HOME:         /Users/shaun/workspaces/jcsdemo247/petclinic/apache-tomcat-8.0.33
29-Mar-2016 13:02:14.107 INFO [main] org.apache.catalina.startup.VersionLoggerListener.log Command line argument: -Djava.util.logging.config.file=/Users/shaun/workspaces/jcsdemo247/petclinic/apache-tomcat-8.0.33/conf/logging.properties
29-Mar-2016 13:02:14.107 INFO [main] org.apache.catalina.startup.VersionLoggerListener.log Command line argument: -Djava.util.logging.manager=org.apache.juli.ClassLoaderLogManager
29-Mar-2016 13:02:14.107 INFO [main] org.apache.catalina.startup.VersionLoggerListener.log Command line argument: -Djava.endorsed.dirs=/Users/shaun/workspaces/jcsdemo247/petclinic/apache-tomcat-8.0.33/endorsed
29-Mar-2016 13:02:14.107 INFO [main] org.apache.catalina.startup.VersionLoggerListener.log Command line argument: -Dcatalina.base=/Users/shaun/workspaces/jcsdemo247/petclinic/apache-tomcat-8.0.33
29-Mar-2016 13:02:14.107 INFO [main] org.apache.catalina.startup.VersionLoggerListener.log Command line argument: -Dcatalina.home=/Users/shaun/workspaces/jcsdemo247/petclinic/apache-tomcat-8.0.33
29-Mar-2016 13:02:14.107 INFO [main] org.apache.catalina.startup.VersionLoggerListener.log Command line argument: -Djava.io.tmpdir=/Users/shaun/workspaces/jcsdemo247/petclinic/apache-tomcat-8.0.33/temp
29-Mar-2016 13:02:14.108 INFO [main] org.apache.catalina.core.AprLifecycleListener.lifecycleEvent The APR based Apache Tomcat Native library which allows optimal performance in production environments was not found on the java.library.path: /Users/shaun/Library/Java/Extensions:/Library/Java/Extensions:/Network/Library/Java/Extensions:/System/Library/Java/Extensions:/usr/lib/java:.
29-Mar-2016 13:02:14.343 INFO [main] org.apache.coyote.AbstractProtocol.init Initializing ProtocolHandler ["http-nio-8080"]
29-Mar-2016 13:02:14.391 INFO [main] org.apache.tomcat.util.net.NioSelectorPool.getSharedSelector Using a shared selector for servlet write/read
29-Mar-2016 13:02:14.395 INFO [main] org.apache.coyote.AbstractProtocol.init Initializing ProtocolHandler ["ajp-nio-8009"]
29-Mar-2016 13:02:14.397 INFO [main] org.apache.tomcat.util.net.NioSelectorPool.getSharedSelector Using a shared selector for servlet write/read
29-Mar-2016 13:02:14.397 INFO [main] org.apache.catalina.startup.Catalina.load Initialization processed in 835 ms
29-Mar-2016 13:02:14.434 INFO [main] org.apache.catalina.core.StandardService.startInternal Starting service Catalina
29-Mar-2016 13:02:14.434 INFO [main] org.apache.catalina.core.StandardEngine.startInternal Starting Servlet Engine: Apache Tomcat/8.0.33
29-Mar-2016 13:02:14.465 INFO [localhost-startStop-1] org.apache.catalina.startup.HostConfig.deployWAR Deploying web application archive /Users/shaun/workspaces/jcsdemo247/petclinic/apache-tomcat-8.0.33/webapps/petclinic.war
29-Mar-2016 13:02:17.680 INFO [localhost-startStop-1] org.apache.jasper.servlet.TldScanner.scanJars At least one JAR was scanned for TLDs yet contained no TLDs. Enable debug logging for this logger for a complete list of JARs that were scanned but no TLDs were found in them. Skipping unneeded JARs during scanning can improve startup time and JSP compilation time.
29-Mar-2016 13:02:24.122 INFO [localhost-startStop-1] org.apache.catalina.startup.HostConfig.deployWAR Deployment of web application archive /Users/shaun/workspaces/jcsdemo247/petclinic/apache-tomcat-8.0.33/webapps/petclinic.war has finished in 9,656 ms
29-Mar-2016 13:02:24.123 INFO [localhost-startStop-1] org.apache.catalina.startup.HostConfig.deployDirectory Deploying web application directory /Users/shaun/workspaces/jcsdemo247/petclinic/apache-tomcat-8.0.33/webapps/docs
29-Mar-2016 13:02:24.148 INFO [localhost-startStop-1] org.apache.catalina.startup.HostConfig.deployDirectory Deployment of web application directory /Users/shaun/workspaces/jcsdemo247/petclinic/apache-tomcat-8.0.33/webapps/docs has finished in 25 ms
29-Mar-2016 13:02:24.148 INFO [localhost-startStop-1] org.apache.catalina.startup.HostConfig.deployDirectory Deploying web application directory /Users/shaun/workspaces/jcsdemo247/petclinic/apache-tomcat-8.0.33/webapps/examples
29-Mar-2016 13:02:24.361 INFO [localhost-startStop-1] org.apache.catalina.startup.HostConfig.deployDirectory Deployment of web application directory /Users/shaun/workspaces/jcsdemo247/petclinic/apache-tomcat-8.0.33/webapps/examples has finished in 213 ms
29-Mar-2016 13:02:24.362 INFO [localhost-startStop-1] org.apache.catalina.startup.HostConfig.deployDirectory Deploying web application directory /Users/shaun/workspaces/jcsdemo247/petclinic/apache-tomcat-8.0.33/webapps/host-manager
29-Mar-2016 13:02:24.381 INFO [localhost-startStop-1] org.apache.catalina.startup.HostConfig.deployDirectory Deployment of web application directory /Users/shaun/workspaces/jcsdemo247/petclinic/apache-tomcat-8.0.33/webapps/host-manager has finished in 19 ms
29-Mar-2016 13:02:24.381 INFO [localhost-startStop-1] org.apache.catalina.startup.HostConfig.deployDirectory Deploying web application directory /Users/shaun/workspaces/jcsdemo247/petclinic/apache-tomcat-8.0.33/webapps/manager
29-Mar-2016 13:02:24.402 INFO [localhost-startStop-1] org.apache.catalina.startup.HostConfig.deployDirectory Deployment of web application directory /Users/shaun/workspaces/jcsdemo247/petclinic/apache-tomcat-8.0.33/webapps/manager has finished in 20 ms
29-Mar-2016 13:02:24.402 INFO [localhost-startStop-1] org.apache.catalina.startup.HostConfig.deployDirectory Deploying web application directory /Users/shaun/workspaces/jcsdemo247/petclinic/apache-tomcat-8.0.33/webapps/ROOT
29-Mar-2016 13:02:24.416 INFO [localhost-startStop-1] org.apache.catalina.startup.HostConfig.deployDirectory Deployment of web application directory /Users/shaun/workspaces/jcsdemo247/petclinic/apache-tomcat-8.0.33/webapps/ROOT has finished in 14 ms
29-Mar-2016 13:02:24.423 INFO [main] org.apache.coyote.AbstractProtocol.start Starting ProtocolHandler ["http-nio-8080"]
29-Mar-2016 13:02:24.431 INFO [main] org.apache.coyote.AbstractProtocol.start Starting ProtocolHandler ["ajp-nio-8009"]
29-Mar-2016 13:02:24.432 INFO [main] org.apache.catalina.startup.Catalina.start Server startup in 10034 ms
29-Mar-2016 13:02:51.200 INFO [Thread-8] org.apache.coyote.AbstractProtocol.pause Pausing ProtocolHandler ["http-nio-8080"]
29-Mar-2016 13:02:51.260 INFO [Thread-8] org.apache.coyote.AbstractProtocol.pause Pausing ProtocolHandler ["ajp-nio-8009"]
29-Mar-2016 13:02:51.316 INFO [Thread-8] org.apache.catalina.core.StandardService.stopInternal Stopping service Catalina
29-Mar-2016 13:02:51.355 WARNING [localhost-startStop-2] org.apache.catalina.loader.WebappClassLoaderBase.clearReferencesJdbc The web application [petclinic] registered the JDBC driver [org.hsqldb.jdbc.JDBCDriver] but failed to unregister it when the web application was stopped. To prevent a memory leak, the JDBC Driver has been forcibly unregistered.
29-Mar-2016 13:02:51.356 WARNING [localhost-startStop-2] org.apache.catalina.loader.WebappClassLoaderBase.clearReferencesThreads The web application [petclinic] appears to have started a thread named [Tomcat JDBC Pool Cleaner[367385500:1459281740330]] but has failed to stop it. This is very likely to create a memory leak. Stack trace of thread:
 java.lang.Object.wait(Native Method)
 java.util.TimerThread.mainLoop(Timer.java:552)
 java.util.TimerThread.run(Timer.java:505)
29-Mar-2016 13:02:51.387 INFO [Thread-8] org.apache.coyote.AbstractProtocol.stop Stopping ProtocolHandler ["http-nio-8080"]
29-Mar-2016 13:02:51.391 INFO [Thread-8] org.apache.coyote.AbstractProtocol.stop Stopping ProtocolHandler ["ajp-nio-8009"]
29-Mar-2016 13:02:51.392 INFO [Thread-8] org.apache.coyote.AbstractProtocol.destroy Destroying ProtocolHandler ["http-nio-8080"]
29-Mar-2016 13:02:51.392 INFO [Thread-8] org.apache.coyote.AbstractProtocol.destroy Destroying ProtocolHandler ["ajp-nio-8009"]
29-Mar-2016 13:03:20.646 INFO [main] org.apache.catalina.startup.VersionLoggerListener.log Server version:        Apache Tomcat/8.0.33
29-Mar-2016 13:03:20.647 INFO [main] org.apache.catalina.startup.VersionLoggerListener.log Server built:          Mar 18 2016 20:31:49 UTC
29-Mar-2016 13:03:20.647 INFO [main] org.apache.catalina.startup.VersionLoggerListener.log Server number:         8.0.33.0
29-Mar-2016 13:03:20.647 INFO [main] org.apache.catalina.startup.VersionLoggerListener.log OS Name:               Mac OS X
29-Mar-2016 13:03:20.647 INFO [main] org.apache.catalina.startup.VersionLoggerListener.log OS Version:            10.11.4
29-Mar-2016 13:03:20.647 INFO [main] org.apache.catalina.startup.VersionLoggerListener.log Architecture:          x86_64
29-Mar-2016 13:03:20.647 INFO [main] org.apache.catalina.startup.VersionLoggerListener.log Java Home:             /Library/Java/JavaVirtualMachines/jdk1.8.0_65.jdk/Contents/Home/jre
29-Mar-2016 13:03:20.647 INFO [main] org.apache.catalina.startup.VersionLoggerListener.log JVM Version:           1.8.0_65-b17
29-Mar-2016 13:03:20.648 INFO [main] org.apache.catalina.startup.VersionLoggerListener.log JVM Vendor:            Oracle Corporation
29-Mar-2016 13:03:20.648 INFO [main] org.apache.catalina.startup.VersionLoggerListener.log CATALINA_BASE:         /Users/shaun/workspaces/jcsdemo247/petclinic/apache-tomcat-8.0.33
29-Mar-2016 13:03:20.648 INFO [main] org.apache.catalina.startup.VersionLoggerListener.log CATALINA_HOME:         /Users/shaun/workspaces/jcsdemo247/petclinic/apache-tomcat-8.0.33
29-Mar-2016 13:03:20.648 INFO [main] org.apache.catalina.startup.VersionLoggerListener.log Command line argument: -Djava.util.logging.config.file=/Users/shaun/workspaces/jcsdemo247/petclinic/apache-tomcat-8.0.33/conf/logging.properties
29-Mar-2016 13:03:20.648 INFO [main] org.apache.catalina.startup.VersionLoggerListener.log Command line argument: -Djava.util.logging.manager=org.apache.juli.ClassLoaderLogManager
29-Mar-2016 13:03:20.648 INFO [main] org.apache.catalina.startup.VersionLoggerListener.log Command line argument: -Djava.endorsed.dirs=/Users/shaun/workspaces/jcsdemo247/petclinic/apache-tomcat-8.0.33/endorsed
29-Mar-2016 13:03:20.648 INFO [main] org.apache.catalina.startup.VersionLoggerListener.log Command line argument: -Dcatalina.base=/Users/shaun/workspaces/jcsdemo247/petclinic/apache-tomcat-8.0.33
29-Mar-2016 13:03:20.649 INFO [main] org.apache.catalina.startup.VersionLoggerListener.log Command line argument: -Dcatalina.home=/Users/shaun/workspaces/jcsdemo247/petclinic/apache-tomcat-8.0.33
29-Mar-2016 13:03:20.649 INFO [main] org.apache.catalina.startup.VersionLoggerListener.log Command line argument: -Djava.io.tmpdir=/Users/shaun/workspaces/jcsdemo247/petclinic/apache-tomcat-8.0.33/temp
29-Mar-2016 13:03:20.649 INFO [main] org.apache.catalina.core.AprLifecycleListener.lifecycleEvent The APR based Apache Tomcat Native library which allows optimal performance in production environments was not found on the java.library.path: /Users/shaun/Library/Java/Extensions:/Library/Java/Extensions:/Network/Library/Java/Extensions:/System/Library/Java/Extensions:/usr/lib/java:.
29-Mar-2016 13:03:20.787 INFO [main] org.apache.coyote.AbstractProtocol.init Initializing ProtocolHandler ["http-nio-8080"]
29-Mar-2016 13:03:20.813 INFO [main] org.apache.tomcat.util.net.NioSelectorPool.getSharedSelector Using a shared selector for servlet write/read
29-Mar-2016 13:03:20.815 INFO [main] org.apache.coyote.AbstractProtocol.init Initializing ProtocolHandler ["ajp-nio-8009"]
29-Mar-2016 13:03:20.817 INFO [main] org.apache.tomcat.util.net.NioSelectorPool.getSharedSelector Using a shared selector for servlet write/read
29-Mar-2016 13:03:20.817 INFO [main] org.apache.catalina.startup.Catalina.load Initialization processed in 529 ms
29-Mar-2016 13:03:20.843 INFO [main] org.apache.catalina.core.StandardService.startInternal Starting service Catalina
29-Mar-2016 13:03:20.843 INFO [main] org.apache.catalina.core.StandardEngine.startInternal Starting Servlet Engine: Apache Tomcat/8.0.33
29-Mar-2016 13:03:20.863 INFO [localhost-startStop-1] org.apache.catalina.startup.HostConfig.deployWAR Deploying web application archive /Users/shaun/workspaces/jcsdemo247/petclinic/apache-tomcat-8.0.33/webapps/ROOT.war
29-Mar-2016 13:03:21.089 INFO [localhost-startStop-1] org.apache.catalina.startup.HostConfig.deployWAR Deployment of web application archive /Users/shaun/workspaces/jcsdemo247/petclinic/apache-tomcat-8.0.33/webapps/ROOT.war has finished in 225 ms
29-Mar-2016 13:03:21.089 INFO [localhost-startStop-1] org.apache.catalina.startup.HostConfig.deployDirectory Deploying web application directory /Users/shaun/workspaces/jcsdemo247/petclinic/apache-tomcat-8.0.33/webapps/docs
29-Mar-2016 13:03:21.106 INFO [localhost-startStop-1] org.apache.catalina.startup.HostConfig.deployDirectory Deployment of web application directory /Users/shaun/workspaces/jcsdemo247/petclinic/apache-tomcat-8.0.33/webapps/docs has finished in 17 ms
29-Mar-2016 13:03:21.106 INFO [localhost-startStop-1] org.apache.catalina.startup.HostConfig.deployDirectory Deploying web application directory /Users/shaun/workspaces/jcsdemo247/petclinic/apache-tomcat-8.0.33/webapps/examples
29-Mar-2016 13:03:21.399 INFO [localhost-startStop-1] org.apache.catalina.startup.HostConfig.deployDirectory Deployment of web application directory /Users/shaun/workspaces/jcsdemo247/petclinic/apache-tomcat-8.0.33/webapps/examples has finished in 293 ms
29-Mar-2016 13:03:21.399 INFO [localhost-startStop-1] org.apache.catalina.startup.HostConfig.deployDirectory Deploying web application directory /Users/shaun/workspaces/jcsdemo247/petclinic/apache-tomcat-8.0.33/webapps/host-manager
29-Mar-2016 13:03:21.424 INFO [localhost-startStop-1] org.apache.catalina.startup.HostConfig.deployDirectory Deployment of web application directory /Users/shaun/workspaces/jcsdemo247/petclinic/apache-tomcat-8.0.33/webapps/host-manager has finished in 25 ms
29-Mar-2016 13:03:21.425 INFO [localhost-startStop-1] org.apache.catalina.startup.HostConfig.deployDirectory Deploying web application directory /Users/shaun/workspaces/jcsdemo247/petclinic/apache-tomcat-8.0.33/webapps/manager
29-Mar-2016 13:03:21.450 INFO [localhost-startStop-1] org.apache.catalina.startup.HostConfig.deployDirectory Deployment of web application directory /Users/shaun/workspaces/jcsdemo247/petclinic/apache-tomcat-8.0.33/webapps/manager has finished in 26 ms
29-Mar-2016 13:03:21.453 INFO [main] org.apache.coyote.AbstractProtocol.start Starting ProtocolHandler ["http-nio-8080"]
29-Mar-2016 13:03:21.458 INFO [main] org.apache.coyote.AbstractProtocol.start Starting ProtocolHandler ["ajp-nio-8009"]
29-Mar-2016 13:03:21.459 INFO [main] org.apache.catalina.startup.Catalina.start Server startup in 641 ms
29-Mar-2016 13:03:51.229 INFO [Thread-5] org.apache.coyote.AbstractProtocol.pause Pausing ProtocolHandler ["http-nio-8080"]
29-Mar-2016 13:03:51.289 INFO [Thread-5] org.apache.coyote.AbstractProtocol.pause Pausing ProtocolHandler ["ajp-nio-8009"]
29-Mar-2016 13:03:51.343 INFO [Thread-5] org.apache.catalina.core.StandardService.stopInternal Stopping service Catalina
29-Mar-2016 13:03:51.364 INFO [Thread-5] org.apache.coyote.AbstractProtocol.stop Stopping ProtocolHandler ["http-nio-8080"]
29-Mar-2016 13:03:51.367 INFO [Thread-5] org.apache.coyote.AbstractProtocol.stop Stopping ProtocolHandler ["ajp-nio-8009"]
29-Mar-2016 13:03:51.368 INFO [Thread-5] org.apache.coyote.AbstractProtocol.destroy Destroying ProtocolHandler ["http-nio-8080"]
29-Mar-2016 13:03:51.369 INFO [Thread-5] org.apache.coyote.AbstractProtocol.destroy Destroying ProtocolHandler ["ajp-nio-8009"]
